-------------------------------------------------------------------------------
Test set: com.tvg.cachetests.CaffeineDisabledButCachesExistTest
-------------------------------------------------------------------------------
Tests run: 1, Failures: 1, Errors: 0, Skipped: 0, Time elapsed: 3.229 s <<< FAILURE! - in com.tvg.cachetests.CaffeineDisabledButCachesExistTest
whenCaffeineDisabledButCachesExist_thenThrowException(com.tvg.cachetests.CaffeineDisabledButCachesExistTest)  Time elapsed: 3.221 s  <<< FAILURE!
java.lang.AssertionError: 

Expecting code to raise a throwable.
	at com.tvg.cachetests.CaffeineDisabledButCachesExistTest.whenCaffeineDisabledButCachesExist_thenThrowException(CaffeineDisabledButCachesExistTest.java:23)

