-------------------------------------------------------------------------------
Test set: com.tvg.cachetests.MulticacheTest
-------------------------------------------------------------------------------
Tests run: 4, Failures: 0, Errors: 4, Skipped: 0, Time elapsed: 2.432 s <<< FAILURE! - in com.tvg.cachetests.MulticacheTest
whenContactDeletedFromCache_thenNotAlexIsFound(com.tvg.cachetests.MulticacheTest)  Time elapsed: 0 s  <<< ERROR!
java.lang.IllegalStateException: Failed to load ApplicationContext
Caused by: org.springframework.context.ApplicationContextException: Unable to start web server; nested exception is org.springframework.boot.web.server.WebServerException: Unable to start embedded Tomcat
Caused by: org.springframework.boot.web.server.WebServerException: Unable to start embedded Tomcat
Caused by: org.springframework.beans.factory.BeanCreationException: Error creating bean with name 'servletEndpointRegistrar' defined in class path resource [org/springframework/boot/actuate/autoconfigure/endpoint/web/ServletEndpointManagementContextConfiguration$WebMvcServletEndpointManagementContextConfiguration.class]: Bean instantiation via factory method failed; nested exception is org.springframework.beans.BeanInstantiationException: Failed to instantiate [org.springframework.boot.actuate.endpoint.web.ServletEndpointRegistrar]: Factory method 'servletEndpointRegistrar' threw exception; nested exception is org.springframework.beans.factory.UnsatisfiedDependencyException: Error creating bean with name 'cachesEndpoint' defined in class path resource [org/springframework/boot/actuate/autoconfigure/cache/CachesEndpointAutoConfiguration.class]: Unsatisfied dependency expressed through method 'cachesEndpoint' parameter 0; nested exception is org.springframework.beans.factory.BeanCreationException: Error creating bean with name 'com.tvg.cache.CacheConfiguration': Bean instantiation via constructor failed; nested exception is org.springframework.beans.BeanInstantiationException: Failed to instantiate [com.tvg.cache.CacheConfiguration$$EnhancerBySpringCGLIB$$ae1d8c7d]: Constructor threw exception; nested exception is java.lang.RuntimeException: MultiCache: redis cache properties are configured in application.properties but redis caches are not enabled. Make sure tvg.multicache.enable-redis=true
Caused by: org.springframework.beans.BeanInstantiationException: Failed to instantiate [org.springframework.boot.actuate.endpoint.web.ServletEndpointRegistrar]: Factory method 'servletEndpointRegistrar' threw exception; nested exception is org.springframework.beans.factory.UnsatisfiedDependencyException: Error creating bean with name 'cachesEndpoint' defined in class path resource [org/springframework/boot/actuate/autoconfigure/cache/CachesEndpointAutoConfiguration.class]: Unsatisfied dependency expressed through method 'cachesEndpoint' parameter 0; nested exception is org.springframework.beans.factory.BeanCreationException: Error creating bean with name 'com.tvg.cache.CacheConfiguration': Bean instantiation via constructor failed; nested exception is org.springframework.beans.BeanInstantiationException: Failed to instantiate [com.tvg.cache.CacheConfiguration$$EnhancerBySpringCGLIB$$ae1d8c7d]: Constructor threw exception; nested exception is java.lang.RuntimeException: MultiCache: redis cache properties are configured in application.properties but redis caches are not enabled. Make sure tvg.multicache.enable-redis=true
Caused by: org.springframework.beans.factory.UnsatisfiedDependencyException: Error creating bean with name 'cachesEndpoint' defined in class path resource [org/springframework/boot/actuate/autoconfigure/cache/CachesEndpointAutoConfiguration.class]: Unsatisfied dependency expressed through method 'cachesEndpoint' parameter 0; nested exception is org.springframework.beans.factory.BeanCreationException: Error creating bean with name 'com.tvg.cache.CacheConfiguration': Bean instantiation via constructor failed; nested exception is org.springframework.beans.BeanInstantiationException: Failed to instantiate [com.tvg.cache.CacheConfiguration$$EnhancerBySpringCGLIB$$ae1d8c7d]: Constructor threw exception; nested exception is java.lang.RuntimeException: MultiCache: redis cache properties are configured in application.properties but redis caches are not enabled. Make sure tvg.multicache.enable-redis=true
Caused by: org.springframework.beans.factory.BeanCreationException: Error creating bean with name 'com.tvg.cache.CacheConfiguration': Bean instantiation via constructor failed; nested exception is org.springframework.beans.BeanInstantiationException: Failed to instantiate [com.tvg.cache.CacheConfiguration$$EnhancerBySpringCGLIB$$ae1d8c7d]: Constructor threw exception; nested exception is java.lang.RuntimeException: MultiCache: redis cache properties are configured in application.properties but redis caches are not enabled. Make sure tvg.multicache.enable-redis=true
Caused by: org.springframework.beans.BeanInstantiationException: Failed to instantiate [com.tvg.cache.CacheConfiguration$$EnhancerBySpringCGLIB$$ae1d8c7d]: Constructor threw exception; nested exception is java.lang.RuntimeException: MultiCache: redis cache properties are configured in application.properties but redis caches are not enabled. Make sure tvg.multicache.enable-redis=true
Caused by: java.lang.RuntimeException: MultiCache: redis cache properties are configured in application.properties but redis caches are not enabled. Make sure tvg.multicache.enable-redis=true

firstCallSlow_ThenFollowingCallsAreFastBecauseCache(com.tvg.cachetests.MulticacheTest)  Time elapsed: 0 s  <<< ERROR!
java.lang.IllegalStateException: Failed to load ApplicationContext
Caused by: org.springframework.context.ApplicationContextException: Unable to start web server; nested exception is org.springframework.boot.web.server.WebServerException: Unable to start embedded Tomcat
Caused by: org.springframework.boot.web.server.WebServerException: Unable to start embedded Tomcat
Caused by: org.springframework.beans.factory.BeanCreationException: Error creating bean with name 'servletEndpointRegistrar' defined in class path resource [org/springframework/boot/actuate/autoconfigure/endpoint/web/ServletEndpointManagementContextConfiguration$WebMvcServletEndpointManagementContextConfiguration.class]: Bean instantiation via factory method failed; nested exception is org.springframework.beans.BeanInstantiationException: Failed to instantiate [org.springframework.boot.actuate.endpoint.web.ServletEndpointRegistrar]: Factory method 'servletEndpointRegistrar' threw exception; nested exception is org.springframework.beans.factory.UnsatisfiedDependencyException: Error creating bean with name 'cachesEndpoint' defined in class path resource [org/springframework/boot/actuate/autoconfigure/cache/CachesEndpointAutoConfiguration.class]: Unsatisfied dependency expressed through method 'cachesEndpoint' parameter 0; nested exception is org.springframework.beans.factory.BeanCreationException: Error creating bean with name 'com.tvg.cache.CacheConfiguration': Bean instantiation via constructor failed; nested exception is org.springframework.beans.BeanInstantiationException: Failed to instantiate [com.tvg.cache.CacheConfiguration$$EnhancerBySpringCGLIB$$ae1d8c7d]: Constructor threw exception; nested exception is java.lang.RuntimeException: MultiCache: redis cache properties are configured in application.properties but redis caches are not enabled. Make sure tvg.multicache.enable-redis=true
Caused by: org.springframework.beans.BeanInstantiationException: Failed to instantiate [org.springframework.boot.actuate.endpoint.web.ServletEndpointRegistrar]: Factory method 'servletEndpointRegistrar' threw exception; nested exception is org.springframework.beans.factory.UnsatisfiedDependencyException: Error creating bean with name 'cachesEndpoint' defined in class path resource [org/springframework/boot/actuate/autoconfigure/cache/CachesEndpointAutoConfiguration.class]: Unsatisfied dependency expressed through method 'cachesEndpoint' parameter 0; nested exception is org.springframework.beans.factory.BeanCreationException: Error creating bean with name 'com.tvg.cache.CacheConfiguration': Bean instantiation via constructor failed; nested exception is org.springframework.beans.BeanInstantiationException: Failed to instantiate [com.tvg.cache.CacheConfiguration$$EnhancerBySpringCGLIB$$ae1d8c7d]: Constructor threw exception; nested exception is java.lang.RuntimeException: MultiCache: redis cache properties are configured in application.properties but redis caches are not enabled. Make sure tvg.multicache.enable-redis=true
Caused by: org.springframework.beans.factory.UnsatisfiedDependencyException: Error creating bean with name 'cachesEndpoint' defined in class path resource [org/springframework/boot/actuate/autoconfigure/cache/CachesEndpointAutoConfiguration.class]: Unsatisfied dependency expressed through method 'cachesEndpoint' parameter 0; nested exception is org.springframework.beans.factory.BeanCreationException: Error creating bean with name 'com.tvg.cache.CacheConfiguration': Bean instantiation via constructor failed; nested exception is org.springframework.beans.BeanInstantiationException: Failed to instantiate [com.tvg.cache.CacheConfiguration$$EnhancerBySpringCGLIB$$ae1d8c7d]: Constructor threw exception; nested exception is java.lang.RuntimeException: MultiCache: redis cache properties are configured in application.properties but redis caches are not enabled. Make sure tvg.multicache.enable-redis=true
Caused by: org.springframework.beans.factory.BeanCreationException: Error creating bean with name 'com.tvg.cache.CacheConfiguration': Bean instantiation via constructor failed; nested exception is org.springframework.beans.BeanInstantiationException: Failed to instantiate [com.tvg.cache.CacheConfiguration$$EnhancerBySpringCGLIB$$ae1d8c7d]: Constructor threw exception; nested exception is java.lang.RuntimeException: MultiCache: redis cache properties are configured in application.properties but redis caches are not enabled. Make sure tvg.multicache.enable-redis=true
Caused by: org.springframework.beans.BeanInstantiationException: Failed to instantiate [com.tvg.cache.CacheConfiguration$$EnhancerBySpringCGLIB$$ae1d8c7d]: Constructor threw exception; nested exception is java.lang.RuntimeException: MultiCache: redis cache properties are configured in application.properties but redis caches are not enabled. Make sure tvg.multicache.enable-redis=true
Caused by: java.lang.RuntimeException: MultiCache: redis cache properties are configured in application.properties but redis caches are not enabled. Make sure tvg.multicache.enable-redis=true

whenValidName_thenContactShouldBeFound(com.tvg.cachetests.MulticacheTest)  Time elapsed: 0.001 s  <<< ERROR!
java.lang.IllegalStateException: Failed to load ApplicationContext
Caused by: org.springframework.context.ApplicationContextException: Unable to start web server; nested exception is org.springframework.boot.web.server.WebServerException: Unable to start embedded Tomcat
Caused by: org.springframework.boot.web.server.WebServerException: Unable to start embedded Tomcat
Caused by: org.springframework.beans.factory.BeanCreationException: Error creating bean with name 'servletEndpointRegistrar' defined in class path resource [org/springframework/boot/actuate/autoconfigure/endpoint/web/ServletEndpointManagementContextConfiguration$WebMvcServletEndpointManagementContextConfiguration.class]: Bean instantiation via factory method failed; nested exception is org.springframework.beans.BeanInstantiationException: Failed to instantiate [org.springframework.boot.actuate.endpoint.web.ServletEndpointRegistrar]: Factory method 'servletEndpointRegistrar' threw exception; nested exception is org.springframework.beans.factory.UnsatisfiedDependencyException: Error creating bean with name 'cachesEndpoint' defined in class path resource [org/springframework/boot/actuate/autoconfigure/cache/CachesEndpointAutoConfiguration.class]: Unsatisfied dependency expressed through method 'cachesEndpoint' parameter 0; nested exception is org.springframework.beans.factory.BeanCreationException: Error creating bean with name 'com.tvg.cache.CacheConfiguration': Bean instantiation via constructor failed; nested exception is org.springframework.beans.BeanInstantiationException: Failed to instantiate [com.tvg.cache.CacheConfiguration$$EnhancerBySpringCGLIB$$ae1d8c7d]: Constructor threw exception; nested exception is java.lang.RuntimeException: MultiCache: redis cache properties are configured in application.properties but redis caches are not enabled. Make sure tvg.multicache.enable-redis=true
Caused by: org.springframework.beans.BeanInstantiationException: Failed to instantiate [org.springframework.boot.actuate.endpoint.web.ServletEndpointRegistrar]: Factory method 'servletEndpointRegistrar' threw exception; nested exception is org.springframework.beans.factory.UnsatisfiedDependencyException: Error creating bean with name 'cachesEndpoint' defined in class path resource [org/springframework/boot/actuate/autoconfigure/cache/CachesEndpointAutoConfiguration.class]: Unsatisfied dependency expressed through method 'cachesEndpoint' parameter 0; nested exception is org.springframework.beans.factory.BeanCreationException: Error creating bean with name 'com.tvg.cache.CacheConfiguration': Bean instantiation via constructor failed; nested exception is org.springframework.beans.BeanInstantiationException: Failed to instantiate [com.tvg.cache.CacheConfiguration$$EnhancerBySpringCGLIB$$ae1d8c7d]: Constructor threw exception; nested exception is java.lang.RuntimeException: MultiCache: redis cache properties are configured in application.properties but redis caches are not enabled. Make sure tvg.multicache.enable-redis=true
Caused by: org.springframework.beans.factory.UnsatisfiedDependencyException: Error creating bean with name 'cachesEndpoint' defined in class path resource [org/springframework/boot/actuate/autoconfigure/cache/CachesEndpointAutoConfiguration.class]: Unsatisfied dependency expressed through method 'cachesEndpoint' parameter 0; nested exception is org.springframework.beans.factory.BeanCreationException: Error creating bean with name 'com.tvg.cache.CacheConfiguration': Bean instantiation via constructor failed; nested exception is org.springframework.beans.BeanInstantiationException: Failed to instantiate [com.tvg.cache.CacheConfiguration$$EnhancerBySpringCGLIB$$ae1d8c7d]: Constructor threw exception; nested exception is java.lang.RuntimeException: MultiCache: redis cache properties are configured in application.properties but redis caches are not enabled. Make sure tvg.multicache.enable-redis=true
Caused by: org.springframework.beans.factory.BeanCreationException: Error creating bean with name 'com.tvg.cache.CacheConfiguration': Bean instantiation via constructor failed; nested exception is org.springframework.beans.BeanInstantiationException: Failed to instantiate [com.tvg.cache.CacheConfiguration$$EnhancerBySpringCGLIB$$ae1d8c7d]: Constructor threw exception; nested exception is java.lang.RuntimeException: MultiCache: redis cache properties are configured in application.properties but redis caches are not enabled. Make sure tvg.multicache.enable-redis=true
Caused by: org.springframework.beans.BeanInstantiationException: Failed to instantiate [com.tvg.cache.CacheConfiguration$$EnhancerBySpringCGLIB$$ae1d8c7d]: Constructor threw exception; nested exception is java.lang.RuntimeException: MultiCache: redis cache properties are configured in application.properties but redis caches are not enabled. Make sure tvg.multicache.enable-redis=true
Caused by: java.lang.RuntimeException: MultiCache: redis cache properties are configured in application.properties but redis caches are not enabled. Make sure tvg.multicache.enable-redis=true

whenContactInRepoChanged_thenCachedContactShouldBeUnchanged(com.tvg.cachetests.MulticacheTest)  Time elapsed: 0 s  <<< ERROR!
java.lang.IllegalStateException: Failed to load ApplicationContext
Caused by: org.springframework.context.ApplicationContextException: Unable to start web server; nested exception is org.springframework.boot.web.server.WebServerException: Unable to start embedded Tomcat
Caused by: org.springframework.boot.web.server.WebServerException: Unable to start embedded Tomcat
Caused by: org.springframework.beans.factory.BeanCreationException: Error creating bean with name 'servletEndpointRegistrar' defined in class path resource [org/springframework/boot/actuate/autoconfigure/endpoint/web/ServletEndpointManagementContextConfiguration$WebMvcServletEndpointManagementContextConfiguration.class]: Bean instantiation via factory method failed; nested exception is org.springframework.beans.BeanInstantiationException: Failed to instantiate [org.springframework.boot.actuate.endpoint.web.ServletEndpointRegistrar]: Factory method 'servletEndpointRegistrar' threw exception; nested exception is org.springframework.beans.factory.UnsatisfiedDependencyException: Error creating bean with name 'cachesEndpoint' defined in class path resource [org/springframework/boot/actuate/autoconfigure/cache/CachesEndpointAutoConfiguration.class]: Unsatisfied dependency expressed through method 'cachesEndpoint' parameter 0; nested exception is org.springframework.beans.factory.BeanCreationException: Error creating bean with name 'com.tvg.cache.CacheConfiguration': Bean instantiation via constructor failed; nested exception is org.springframework.beans.BeanInstantiationException: Failed to instantiate [com.tvg.cache.CacheConfiguration$$EnhancerBySpringCGLIB$$ae1d8c7d]: Constructor threw exception; nested exception is java.lang.RuntimeException: MultiCache: redis cache properties are configured in application.properties but redis caches are not enabled. Make sure tvg.multicache.enable-redis=true
Caused by: org.springframework.beans.BeanInstantiationException: Failed to instantiate [org.springframework.boot.actuate.endpoint.web.ServletEndpointRegistrar]: Factory method 'servletEndpointRegistrar' threw exception; nested exception is org.springframework.beans.factory.UnsatisfiedDependencyException: Error creating bean with name 'cachesEndpoint' defined in class path resource [org/springframework/boot/actuate/autoconfigure/cache/CachesEndpointAutoConfiguration.class]: Unsatisfied dependency expressed through method 'cachesEndpoint' parameter 0; nested exception is org.springframework.beans.factory.BeanCreationException: Error creating bean with name 'com.tvg.cache.CacheConfiguration': Bean instantiation via constructor failed; nested exception is org.springframework.beans.BeanInstantiationException: Failed to instantiate [com.tvg.cache.CacheConfiguration$$EnhancerBySpringCGLIB$$ae1d8c7d]: Constructor threw exception; nested exception is java.lang.RuntimeException: MultiCache: redis cache properties are configured in application.properties but redis caches are not enabled. Make sure tvg.multicache.enable-redis=true
Caused by: org.springframework.beans.factory.UnsatisfiedDependencyException: Error creating bean with name 'cachesEndpoint' defined in class path resource [org/springframework/boot/actuate/autoconfigure/cache/CachesEndpointAutoConfiguration.class]: Unsatisfied dependency expressed through method 'cachesEndpoint' parameter 0; nested exception is org.springframework.beans.factory.BeanCreationException: Error creating bean with name 'com.tvg.cache.CacheConfiguration': Bean instantiation via constructor failed; nested exception is org.springframework.beans.BeanInstantiationException: Failed to instantiate [com.tvg.cache.CacheConfiguration$$EnhancerBySpringCGLIB$$ae1d8c7d]: Constructor threw exception; nested exception is java.lang.RuntimeException: MultiCache: redis cache properties are configured in application.properties but redis caches are not enabled. Make sure tvg.multicache.enable-redis=true
Caused by: org.springframework.beans.factory.BeanCreationException: Error creating bean with name 'com.tvg.cache.CacheConfiguration': Bean instantiation via constructor failed; nested exception is org.springframework.beans.BeanInstantiationException: Failed to instantiate [com.tvg.cache.CacheConfiguration$$EnhancerBySpringCGLIB$$ae1d8c7d]: Constructor threw exception; nested exception is java.lang.RuntimeException: MultiCache: redis cache properties are configured in application.properties but redis caches are not enabled. Make sure tvg.multicache.enable-redis=true
Caused by: org.springframework.beans.BeanInstantiationException: Failed to instantiate [com.tvg.cache.CacheConfiguration$$EnhancerBySpringCGLIB$$ae1d8c7d]: Constructor threw exception; nested exception is java.lang.RuntimeException: MultiCache: redis cache properties are configured in application.properties but redis caches are not enabled. Make sure tvg.multicache.enable-redis=true
Caused by: java.lang.RuntimeException: MultiCache: redis cache properties are configured in application.properties but redis caches are not enabled. Make sure tvg.multicache.enable-redis=true

